<?xml version="1.0" encoding="UTF-8"?>
<!-- Generated by org.testng.reporters.JUnitReportReporter -->
<testsuite hostname="DESKTOP-D068G7Q" failures="0" tests="7" name="com.kuda.testCases.CustomerInfoManagement" time="69.232" errors="0" timestamp="2021-12-06T16:22:30 WAT" skipped="0">
  <testcase classname="com.kuda.testCases.CustomerInfoManagement" name="viewCustomers" time="25.797"/>
  <system-out>
Login Test Completed Successfully  </system-out>
  <testcase classname="com.kuda.testCases.CustomerInfoManagement" name="searchCustomerByName" time="3.010"/>
  <system-out/>
  <testcase classname="com.kuda.testCases.CustomerInfoManagement" name="searchByCustomerEmail" time="4.726"/>
  <system-out/>
  <testcase classname="com.kuda.testCases.CustomerInfoManagement" name="searchCustomerById" time="4.477"/>
  <system-out/>
  <testcase classname="com.kuda.testCases.CustomerInfoManagement" name="createCustomer" time="21.604"/>
  <system-out/>
  <testcase classname="com.kuda.testCases.CustomerInfoManagement" name="editCustomer" time="1.656"/>
  <system-out/>
  <testcase classname="com.kuda.testCases.CustomerInfoManagement" name="searchByCustomerEmail2" time="7.962"/>
  <system-out/>
</testsuite> <!-- com.kuda.testCases.CustomerInfoManagement -->
