<?xml version="1.0" encoding="UTF-8"?>
<!-- Generated by org.testng.reporters.JUnitReportReporter -->
<testsuite hostname="DESKTOP-D068G7Q" failures="0" tests="1" name="com.kuda.postingsMgt.ValidateLocalTransfer"
           time="112.888" errors="0" timestamp="2021-01-09T10:50:55 WAT" skipped="0">
    <testcase classname="com.kuda.postingsMgt.ValidateLocalTransfer" name="verifyLocalFundTransfer" time="112.888"/>
    <system-out>
        Login Test Completed Successfully
    </system-out>
</testsuite> <!-- com.kuda.postingsMgt.ValidateLocalTransfer -->
