<?xml version="1.0" encoding="UTF-8"?>
<!-- Generated by org.testng.reporters.JUnitReportReporter -->
<testsuite hostname="DESKTOP-D068G7Q" failures="0" tests="1" name="com.kuda.testCases.ValidateLogin" time="70.123" errors="0" timestamp="2022-04-17T22:51:52 WAT" skipped="0">
  <testcase classname="com.kuda.testCases.ValidateLogin" name="googleSign" time="70.123"/>
  <system-out/>
</testsuite> <!-- com.kuda.testCases.ValidateLogin -->
