<?xml version="1.0" encoding="UTF-8"?>
<!-- Generated by org.testng.reporters.JUnitReportReporter -->
<testsuite hostname="DESKTOP-D068G7Q" failures="0" tests="1" name="com.kuda.testCases.BranchManagement" time="20.096"
           errors="0" timestamp="2021-07-24T03:49:46 WAT" skipped="0">
    <testcase classname="com.kuda.testCases.BranchManagement" name="viewBranches" time="20.096"/>
    <system-out>
        Login Test Completed Successfully
    </system-out>
</testsuite> <!-- com.kuda.testCases.BranchManagement -->
