<?xml version="1.0" encoding="UTF-8"?>
<!-- Generated by org.testng.reporters.JUnitReportReporter -->
<testsuite hostname="DESKTOP-D068G7Q" failures="0" tests="1" name="com.kuda.testCases.SearchForSamsungTV" time="38.022" errors="0" timestamp="2022-04-18T23:51:48 WAT" skipped="0">
  <testcase classname="com.kuda.testCases.SearchForSamsungTV" name="googleSign" time="38.022"/>
  <system-out/>
</testsuite> <!-- com.kuda.testCases.SearchForSamsungTV -->
