<?xml version="1.0" encoding="UTF-8"?>
<!-- Generated by org.testng.reporters.JUnitReportReporter -->
<testsuite hostname="DESKTOP-D068G7Q" failures="0" tests="1" name="com.kuda.postingsMgt.ValidateSingleJournalTransfer"
           time="63.880" errors="0" timestamp="2020-12-07T00:54:53 WAT" skipped="0">
    <testcase classname="com.kuda.postingsMgt.ValidateSingleJournalTransfer" name="glToglTransfer" time="63.880"/>
    <system-out>
        Login Test Completed Successfully
    </system-out>
</testsuite> <!-- com.kuda.postingsMgt.ValidateSingleJournalTransfer -->
